 Executing /software/ansys/23.1/Linux64/v231/ansys/bin/linx64/lsdyna_sp.e
 License option : check ansys licenses only


 ***************************************************************
 *            ANSYS 2023 R1          LEGAL NOTICES             *
 ***************************************************************
 *                                                             *
 * Copyright 1971-2023 ANSYS, Inc.  All rights reserved.       *
 * Unauthorized use, distribution or duplication is            *
 * prohibited.                                                 *
 *                                                             *
 * Ansys is a registered trademark of ANSYS, Inc. or its       *
 * subsidiaries in the United States or other countries.       *
 * See the ANSYS, Inc. online documentation or the ANSYS, Inc. *
 * documentation CD or online help for the complete Legal      *
 * Notice.                                                     *
 *                                                             *
 ***************************************************************
 *                                                             *
 * THIS ANSYS SOFTWARE PRODUCT AND PROGRAM DOCUMENTATION       *
 * INCLUDE TRADE SECRETS AND CONFIDENTIAL AND PROPRIETARY      *
 * PRODUCTS OF ANSYS, INC., ITS SUBSIDIARIES, OR LICENSORS.    *
 * The software products and documentation are furnished by    *
 * ANSYS, Inc. or its subsidiaries under a software license    *
 * agreement that contains provisions concerning               *
 * non-disclosure, copying, length and nature of use,          *
 * compliance with exporting laws, warranties, disclaimers,    *
 * limitations of liability, and remedies, and other           *
 * provisions.  The software products and documentation may be *
 * used, disclosed, transferred, or copied only in accordance  *
 * with the terms and conditions of that software license      *
 * agreement.                                                  *
 *                                                             *
 * ANSYS, Inc. is a UL registered                              *
 * ISO 9001:2015 company.                                      *
 *                                                             *
 ***************************************************************
 *                                                             *
 * This product is subject to U.S. laws governing export and   *
 * re-export.                                                  *
 *                                                             *
 * For U.S. Government users, except as specifically granted   *
 * by the ANSYS, Inc. software license agreement, the use,     *
 * duplication, or disclosure by the United States Government  *
 * is subject to restrictions stated in the ANSYS, Inc.        *
 * software license agreement and FAR 12.212 (for non-DOD      *
 * licenses).                                                  *
 *                                                             *
 ***************************************************************

      Date: 06/06/2025      Time: 10:42:24  
      ___________________________________________________ 
     |                                                   |
     |  LS-DYNA, A Program for Nonlinear Dynamic         |
     |  Analysis of Structures in Three Dimensions       |
     |  Date    : 11/15/2022    Time: 13:48:14           |
     |  Version : smp s R13                              |
     |  Revision: R13.1.1-13-g5480eca294                 |
     |                                                   |
     |  Features enabled in this version:                |
     |    Shared Memory Parallel                         |
     |    FFTW (multi-dimensional FFTW Library)          |
     |    Interactive Graphics                           |
     |    ANSYSLIC enabled                               |
     |                                                   |
     |  Licensed to:                                     |
     |                                                   |
     |  Platform   : Xeon64 System                       |
     |  OS Level   : CentOS Linux release 7.9.2009 (Cor  |
     |  Compiler   : Intel Fortran Compiler 19.0 SSE2    |
     |  Hostname   : compute-b6-23.zaratan.umd.edu       |
     |  Precision  : Single precision (I4R4)             |
     |                                                   |
     |  Unauthorized use infringes Ansys Inc. copyrights |
     |___________________________________________________|

 > i=underwater_F.k

 Command line options: i=underwater_F.k

 Input file: underwater_F.k                                                                  

 The native file format       : 32-bit small endian
 Memory size from default     :   100000000

 on UNIX computers note the following change:

 ctrl-c interrupts ls-dyna and prompts for a sense  switch.
 type the desired sense switch: sw1., sw2., etc. to continue
 the execution.  ls-dyna will respond as explained in the users manual

    type                      response
   -----   ------------------------------------------------------------
   quit    ls-dyna terminates.
   stop    ls-dyna terminates.
   sw1.    a restart file is written and ls-dyna terminates.
   sw2.    ls-dyna responds with time and cycle numbers.    
   sw3.    a restart file is written and ls-dyna continues calculations.
   sw4.    a plot state is written and ls-dyna continues calculations.
   sw5.    ls-dyna enters interactive graphics phase.
   swa.    ls-dyna flushes all output i/o buffers.
   swb.    a dynain is written and ls-dyna continues calculations.
   swc.    a restart and dynain are written and ls-dyna continues calculations.
   swd.    a restart and dynain are written and ls-dyna terminates.
   swe.    stop dynamic relaxation just as though convergence
   endtime=time change the termination time
   lpri    toggle implicit lin. alg. solver output on/off.
   nlpr    toggle implicit nonlinear solver output on/off.
   iter    toggle implicit output to d3iter database on/off.
   prof    output timing data to messag and continue.
   conv    force implicit nonlinear convergence for current time step.
   ttrm    terminate implicit time step, reduce time step, retry time step.
   rtrm    terminate implicit at end of current time step.


 ********  notice  ********  notice  ********  notice  ********
 *                                                            *
 * This is the LS-DYNA Finite Element code.                   *
 *                                                            *
 * Neither LST nor the authors assume any responsibility for  *
 * the validity, accuracy, or applicability of any results    *
 * obtained from this system. Users must verify their own     *
 * results.                                                   *
 *                                                            *
 * LST endeavors to make the LS-DYNA code as complete,        *
 * accurate and easy to use as possible.                      *
 * Suggestions and comments are welcomed.  Please report any  *
 * errors encountered in either the documentation or results  *
 * immediately to LST through your site focus.                *
 *                                                            *
 * Copyright (C) 1990-2022                                    *
 * by Ansys, Inc.                                             *
 * All rights reserved                                        *
 *                                                            *
 ********  notice  ********  notice  ********  notice  ********

 Beginning of keyword reader                                   06/06/25 10:42:24

                                                               06/06/25 10:42:24
 Open include file: fine.inc
 
 *** Warning 11199 (KEY+1199)
     DCT should be -1 in *CONTROL_ALE
 
 *** Warning 10302 (KEY+302)
     CHECKING MATERIAL INPUT Part ID= 1
     The default hourglass properties of the following
     ALE part are being modified to avoid unnecessary
     application of hourglass forces.
     Resetting coefficient qm=1.0e-6.
     PART ID 1 with
     MATERIAL ID 1 and
     EOS ID 1
     This is PART 1 in the order of input.
 
 *** Warning 10302 (KEY+302)
     CHECKING MATERIAL INPUT Part ID= 2
     The default hourglass properties of the following
     ALE part are being modified to avoid unnecessary
     application of hourglass forces.
     Resetting coefficient qm=1.0e-6.
     PART ID 2 with
     MATERIAL ID 2 and
     EOS ID 2
     This is PART 2 in the order of input.

 Memory required to process keyword     :     451118  
 Additional dynamic memory required     :     578450  

[license/info] Successfully checked out 1 of "dyna".
[license/info] --> Checkout ID: compute-b6-23_zaratan_umd_edu-haenalee-2592370-000002 (days left: 54)
[license/info] --> Customer ID: 427805
[license/info] Successfully started "ANSYS LSDYNA".

 Executing with ANSYS license

 input of data is completed

 initial kinetic energy = 0.00000000E+00

 Memory required to begin solution      :     452K
 Additional dynamically allocated memory:    2901K
                                   Total:    3352K

 initialization completed
       1 t 0.0000E+00 dt 4.19E-01 flush i/o buffers            06/06/25 10:42:26
       1 t 0.0000E+00 dt 4.19E-01 write d3plot file            06/06/25 10:42:26
       3 t 8.3757E-01 dt 4.19E-01 write d3plot file            06/06/25 10:42:27
       5 t 1.6751E+00 dt 4.19E-01 write d3plot file            06/06/25 10:42:27
       8 t 2.9315E+00 dt 4.19E-01 write d3plot file            06/06/25 10:42:27
      10 t 3.7691E+00 dt 4.19E-01 write d3plot file            06/06/25 10:42:27
 cpu time per zone cycle............      2961 nanoseconds
 average cpu time per zone cycle....      1924 nanoseconds
 average clock time per zone cycle..      2490 nanoseconds

 estimated total cpu time          =         3 sec (       0 hrs  0 mins)
 estimated cpu time to complete    =         3 sec (       0 hrs  0 mins)
 estimated total clock time        =         5 sec (       0 hrs  0 mins)
 estimated clock time to complete  =         3 sec (       0 hrs  0 mins)
 termination time                  = 1.000E+02
      12 t 4.6066E+00 dt 4.19E-01 write d3plot file            06/06/25 10:42:27
      15 t 5.8630E+00 dt 4.19E-01 write d3plot file            06/06/25 10:42:27
      17 t 6.7006E+00 dt 4.19E-01 write d3plot file            06/06/25 10:42:27
      20 t 7.9569E+00 dt 4.19E-01 write d3plot file            06/06/25 10:42:27
      22 t 8.7945E+00 dt 4.19E-01 write d3plot file            06/06/25 10:42:27
      24 t 9.6321E+00 dt 4.19E-01 write d3plot file            06/06/25 10:42:27
      27 t 1.0888E+01 dt 4.18E-01 write d3plot file            06/06/25 10:42:27
      29 t 1.1724E+01 dt 4.17E-01 write d3plot file            06/06/25 10:42:27
      32 t 1.2977E+01 dt 4.18E-01 write d3plot file            06/06/25 10:42:27
      34 t 1.3812E+01 dt 4.18E-01 write d3plot file            06/06/25 10:42:27
      36 t 1.4649E+01 dt 4.18E-01 write d3plot file            06/06/25 10:42:27
      39 t 1.5902E+01 dt 4.18E-01 write d3plot file            06/06/25 10:42:27
      41 t 1.6739E+01 dt 4.18E-01 write d3plot file            06/06/25 10:42:27
      44 t 1.7994E+01 dt 4.18E-01 write d3plot file            06/06/25 10:42:27
      46 t 1.8831E+01 dt 4.19E-01 write d3plot file            06/06/25 10:42:27
      48 t 1.9668E+01 dt 4.19E-01 write d3plot file            06/06/25 10:42:27
      51 t 2.0924E+01 dt 4.19E-01 write d3plot file            06/06/25 10:42:27
      53 t 2.1761E+01 dt 4.19E-01 write d3plot file            06/06/25 10:42:27
      55 t 2.2598E+01 dt 4.19E-01 write d3plot file            06/06/25 10:42:27
      58 t 2.3854E+01 dt 4.19E-01 write d3plot file            06/06/25 10:42:27
      60 t 2.4692E+01 dt 4.19E-01 write d3plot file            06/06/25 10:42:27
      63 t 2.5948E+01 dt 4.19E-01 write d3plot file            06/06/25 10:42:27
      65 t 2.6785E+01 dt 4.19E-01 write d3plot file            06/06/25 10:42:27
      67 t 2.7623E+01 dt 4.19E-01 write d3plot file            06/06/25 10:42:27
      70 t 2.8879E+01 dt 4.19E-01 write d3plot file            06/06/25 10:42:27
      72 t 2.9716E+01 dt 4.19E-01 write d3plot file            06/06/25 10:42:27
      75 t 3.0972E+01 dt 4.19E-01 write d3plot file            06/06/25 10:42:27
      77 t 3.1810E+01 dt 4.19E-01 write d3plot file            06/06/25 10:42:27
      79 t 3.2647E+01 dt 4.19E-01 write d3plot file            06/06/25 10:42:27
      82 t 3.3904E+01 dt 4.19E-01 write d3plot file            06/06/25 10:42:28
      84 t 3.4741E+01 dt 4.19E-01 write d3plot file            06/06/25 10:42:28
      87 t 3.5997E+01 dt 4.19E-01 write d3plot file            06/06/25 10:42:28
      89 t 3.6835E+01 dt 4.19E-01 write d3plot file            06/06/25 10:42:28
      91 t 3.7672E+01 dt 4.19E-01 write d3plot file            06/06/25 10:42:28
      94 t 3.8929E+01 dt 4.19E-01 write d3plot file            06/06/25 10:42:28
      96 t 3.9766E+01 dt 4.19E-01 write d3plot file            06/06/25 10:42:28
      98 t 4.0604E+01 dt 4.19E-01 write d3plot file            06/06/25 10:42:28
     101 t 4.1860E+01 dt 4.19E-01 write d3plot file            06/06/25 10:42:28
     103 t 4.2698E+01 dt 4.19E-01 write d3plot file            06/06/25 10:42:28
     106 t 4.3954E+01 dt 4.19E-01 write d3plot file            06/06/25 10:42:28
     108 t 4.4792E+01 dt 4.19E-01 write d3plot file            06/06/25 10:42:28
     110 t 4.5629E+01 dt 4.19E-01 write d3plot file            06/06/25 10:42:28
     113 t 4.6885E+01 dt 4.19E-01 write d3plot file            06/06/25 10:42:28
     115 t 4.7723E+01 dt 4.19E-01 write d3plot file            06/06/25 10:42:28
     118 t 4.8979E+01 dt 4.19E-01 write d3plot file            06/06/25 10:42:28
     120 t 4.9817E+01 dt 4.19E-01 write d3plot file            06/06/25 10:42:28
     122 t 5.0654E+01 dt 4.19E-01 write d3plot file            06/06/25 10:42:28
     125 t 5.1911E+01 dt 4.19E-01 write d3plot file            06/06/25 10:42:28
     127 t 5.2748E+01 dt 4.19E-01 write d3plot file            06/06/25 10:42:28
     129 t 5.3586E+01 dt 4.19E-01 write d3plot file            06/06/25 10:42:28
     132 t 5.4842E+01 dt 4.19E-01 write d3plot file            06/06/25 10:42:28
     134 t 5.5680E+01 dt 4.19E-01 write d3plot file            06/06/25 10:42:28
     137 t 5.6936E+01 dt 4.19E-01 write d3plot file            06/06/25 10:42:28
     139 t 5.7774E+01 dt 4.19E-01 write d3plot file            06/06/25 10:42:28
     141 t 5.8611E+01 dt 4.19E-01 write d3plot file            06/06/25 10:42:28
     144 t 5.9868E+01 dt 4.19E-01 write d3plot file            06/06/25 10:42:28
     146 t 6.0705E+01 dt 4.19E-01 write d3plot file            06/06/25 10:42:28
     149 t 6.1962E+01 dt 4.19E-01 write d3plot file            06/06/25 10:42:28
     151 t 6.2799E+01 dt 4.19E-01 write d3plot file            06/06/25 10:42:28
     153 t 6.3637E+01 dt 4.19E-01 write d3plot file            06/06/25 10:42:28
     156 t 6.4893E+01 dt 4.19E-01 write d3plot file            06/06/25 10:42:28
     158 t 6.5731E+01 dt 4.19E-01 write d3plot file            06/06/25 10:42:28
     161 t 6.6987E+01 dt 4.19E-01 write d3plot file            06/06/25 10:42:29
     163 t 6.7825E+01 dt 4.19E-01 write d3plot file            06/06/25 10:42:29
     165 t 6.8662E+01 dt 4.19E-01 write d3plot file            06/06/25 10:42:29
     168 t 6.9918E+01 dt 4.19E-01 write d3plot file            06/06/25 10:42:29
     170 t 7.0756E+01 dt 4.19E-01 write d3plot file            06/06/25 10:42:29
     172 t 7.1594E+01 dt 4.19E-01 write d3plot file            06/06/25 10:42:29
     175 t 7.2850E+01 dt 4.19E-01 write d3plot file            06/06/25 10:42:29
     177 t 7.3688E+01 dt 4.19E-01 write d3plot file            06/06/25 10:42:29
     180 t 7.4944E+01 dt 4.19E-01 write d3plot file            06/06/25 10:42:29
     182 t 7.5781E+01 dt 4.19E-01 write d3plot file            06/06/25 10:42:29
     184 t 7.6619E+01 dt 4.19E-01 write d3plot file            06/06/25 10:42:29
     187 t 7.7875E+01 dt 4.19E-01 write d3plot file            06/06/25 10:42:29
     189 t 7.8712E+01 dt 4.18E-01 write d3plot file            06/06/25 10:42:29
     192 t 7.9968E+01 dt 4.18E-01 write d3plot file            06/06/25 10:42:29
     194 t 8.0805E+01 dt 4.18E-01 write d3plot file            06/06/25 10:42:29
     196 t 8.1641E+01 dt 4.18E-01 write d3plot file            06/06/25 10:42:29
     199 t 8.2894E+01 dt 4.17E-01 write d3plot file            06/06/25 10:42:29
     201 t 8.3728E+01 dt 4.17E-01 write d3plot file            06/06/25 10:42:29
     204 t 8.4979E+01 dt 4.17E-01 write d3plot file            06/06/25 10:42:29
     206 t 8.5813E+01 dt 4.16E-01 write d3plot file            06/06/25 10:42:29
     208 t 8.6645E+01 dt 4.16E-01 write d3plot file            06/06/25 10:42:29
     211 t 8.7893E+01 dt 4.15E-01 write d3plot file            06/06/25 10:42:29
     213 t 8.8723E+01 dt 4.15E-01 write d3plot file            06/06/25 10:42:29
     216 t 8.9966E+01 dt 4.13E-01 write d3plot file            06/06/25 10:42:29
     218 t 9.0793E+01 dt 4.12E-01 write d3plot file            06/06/25 10:42:29
     220 t 9.1618E+01 dt 4.12E-01 write d3plot file            06/06/25 10:42:29
     223 t 9.2854E+01 dt 4.11E-01 write d3plot file            06/06/25 10:42:29
     225 t 9.3677E+01 dt 4.13E-01 write d3plot file            06/06/25 10:42:29
     228 t 9.4917E+01 dt 4.14E-01 write d3plot file            06/06/25 10:42:29
     230 t 9.5745E+01 dt 4.15E-01 write d3plot file            06/06/25 10:42:29
     233 t 9.6990E+01 dt 4.15E-01 write d3plot file            06/06/25 10:42:29
     235 t 9.7820E+01 dt 4.14E-01 write d3plot file            06/06/25 10:42:29
     237 t 9.8649E+01 dt 4.13E-01 write d3plot file            06/06/25 10:42:30
     240 t 9.9888E+01 dt 4.15E-01 write d3plot file            06/06/25 10:42:30
 
 *** termination time reached ***
     240 t 1.0030E+02 dt 4.15E-01 write d3dump01 file          06/06/25 10:42:30
     240 t 1.0030E+02 dt 4.15E-01 write d3plot file            06/06/25 10:42:30

 N o r m a l    t e r m i n a t i o n                          06/06/25 10:42:30

 Memory required to complete solution   :     452K
 Additional dynamically allocated memory:    2902K
                                   Total:    3353K

 T i m i n g   i n f o r m a t i o n
                        CPU(seconds)   %CPU  Clock(seconds) %Clock
  ----------------------------------------------------------------
  Keyword Processing ... 5.4695E-02    1.73     1.0191E-01    1.78
    KW Reading ......... 3.2085E-02    1.02     3.5134E-02    0.61
    KW Writing ......... 4.5307E-03    0.14     3.8148E-02    0.67
  Initialization ....... 1.3619E-01    4.32     2.4635E+00   42.99
    Init Proc Phase 1 .. 1.1559E-01    3.66     2.3298E+00   40.65
    Init Proc Phase 2 .. 1.1132E-02    0.35     7.9750E-02    1.39
  Init solver .......... 1.2155E-04    0.00     1.2200E-04    0.00
  Element processing ... 5.7677E-01   18.28     5.8147E-01   10.15
    Solids ............. 5.6234E-01   17.82     5.6685E-01    9.89
    ISO Shells ......... 1.6664E-04    0.01     1.5800E-04    0.00
    E Other ............ 2.0200E-03    0.06     2.0380E-03    0.04
  Binary databases ..... 1.4380E-01    4.56     2.7362E-01    4.77
  ASCII database ....... 1.6197E-02    0.51     1.6396E-02    0.29
  Contact algorithm .... 1.4431E-03    0.05     1.4740E-03    0.03
  ALE Advection ........ 2.0565E+00   65.16     2.0702E+00   36.12
    ALE Adv mix ........ 1.4715E-02    0.47     1.5267E-02    0.27
    ALE Adv ambient .... 7.3630E-04    0.02     1.0060E-03    0.02
    ALE Adv pre ........ 8.8197E-02    2.79     8.8694E-02    1.55
    ALE Adv reg1 ....... 5.6458E-02    1.79     5.7043E-02    1.00
    ALE Adv comm ....... 1.5525E+00   49.19     1.5619E+00   27.25
    ALE Adv post ....... 1.4679E-01    4.65     1.4758E-01    2.58
  Rigid Bodies ......... 1.2365E-03    0.04     1.2310E-03    0.02
  Time step size ....... 1.0038E-03    0.03     1.0150E-03    0.02
  Group force file ..... 5.4779E-04    0.02     5.4700E-04    0.01
  Others ............... 2.2934E-03    0.07     2.3030E-03    0.04
  Misc. 1 .............. 9.3994E-02    2.98     1.1591E-01    2.02
    Scale Masses ....... 2.2230E-04    0.01     2.0900E-04    0.00
    Force Constraints .. 3.5862E-04    0.01     3.6500E-04    0.01
    Force to Accel ..... 1.0476E-02    0.33     1.0525E-02    0.18
    Update RB nodes .... 3.4243E-04    0.01     3.4300E-04    0.01
  Misc. 2 .............. 3.4721E-02    1.10     3.5179E-02    0.61
  Misc. 3 .............. 2.6893E-02    0.85     5.6543E-02    0.99
  Misc. 4 .............. 9.4866E-03    0.30     9.5510E-03    0.17
    Timestep Init ...... 6.6234E-03    0.21     6.6350E-03    0.12
    Apply Loads ........ 2.3071E-03    0.07     2.3480E-03    0.04
  ----------------------------------------------------------------
  T o t a l s            3.1559E+00  100.00     5.7310E+00  100.00

 Problem time       =    1.0030E+02
 Problem cycle      =       240
 Total CPU time     =         3 seconds (   0 hours  0 minutes  3 seconds)
 CPU time per zone cycle  =       1764.899 nanoseconds
 Clock time per zone cycle=       1884.267 nanoseconds

 Number of CPU's    1
 NLQ used/max     112/  112
 Start time   06/06/2025 10:42:24  
 End time     06/06/2025 10:42:30  
 Elapsed time       6 seconds for     240 cycles using  1 SMP thread 
             (      0 hour   0 minute   6 seconds)

 N o r m a l    t e r m i n a t i o n                          06/06/25 10:42:30
